<?xml version="1.0" encoding="UTF-8"?>
<testsuite xmlns:xsi="http://www.w3.org/2001/XMLSchema-instance" xsi:noNamespaceSchemaLocation="https://maven.apache.org/surefire/maven-surefire-plugin/xsd/surefire-test-report-3.0.xsd" version="3.0" name="TestSuite" time="6.977" tests="16" errors="0" skipped="11" failures="5">
  <properties>
[...]
</properties>
  <testcase name="StartUp" classname="Academy.E2EProject.ValidateNavigationBar" time="6.698">
    <failure message="session not created: This version of ChromeDriver only supports Chrome version 84&#10;Build info: version: &apos;4.0.0-alpha-6&apos;, revision: &apos;5f43a29cfc&apos;&#10;System info: host: &apos;DESKTOP-RUC9O5J&apos;, ip: &apos;10.0.0.73&apos;, os.name: &apos;Windows 10&apos;, os.arch: &apos;amd64&apos;, os.version: &apos;10.0&apos;, java.version: &apos;14.0.2&apos;&#10;Driver info: driver.version: ChromeDriver&#10;remote stacktrace: Backtrace:&#10;	Ordinal0 [0x00EE87E3+2852835]&#10;	Ordinal0 [0x00DD5BB1+1727409]&#10;	Ordinal0 [0x00CAE4B9+517305]&#10;	Ordinal0 [0x00C40BA0+68512]&#10;	Ordinal0 [0x00C3D3A0+54176]&#10;	Ordinal0 [0x00C5D9F7+186871]&#10;	Ordinal0 [0x00C5D7FD+186365]&#10;	Ordinal0 [0x00C5B70B+177931]&#10;	Ordinal0 [0x00C42584+75140]&#10;	Ordinal0 [0x00C43650+79440]&#10;	Ordinal0 [0x00C435E9+79337]&#10;	Ordinal0 [0x00DEAD5C+1813852]&#10;	GetHandleVerifier [0x0100C616+1075574]&#10;	GetHandleVerifier [0x0100C367+1074887]&#10;	GetHandleVerifier [0x01017497+1120247]&#10;	GetHandleVerifier [0x0100CC16+1077110]&#10;	Ordinal0 [0x00DE3206+1782278]&#10;	Ordinal0 [0x00DEC3BB+1819579]&#10;	Ordinal0 [0x00DEC523+1819939]&#10;	Ordinal0 [0x00E02B45+1911621]&#10;	BaseThreadInitThunk [0x7685FA29+25]&#10;	RtlGetAppContainerNamedObjectPath [0x77D675F4+228]&#10;	RtlGetAppContainerNamedObjectPath [0x77D675C4+180]&#10;" type="org.openqa.selenium.SessionNotCreatedException"><![CDATA[org.openqa.selenium.SessionNotCreatedException: 
session not created: This version of ChromeDriver only supports Chrome version 84
Build info: version: '4.0.0-alpha-6', revision: '5f43a29cfc'
System info: host: 'DESKTOP-RUC9O5J', ip: '10.0.0.73', os.name: 'Windows 10', os.arch: 'amd64', os.version: '10.0', java.version: '14.0.2'
Driver info: driver.version: ChromeDriver
remote stacktrace: Backtrace:
	Ordinal0 [0x00EE87E3+2852835]
	Ordinal0 [0x00DD5BB1+1727409]
	Ordinal0 [0x00CAE4B9+517305]
	Ordinal0 [0x00C40BA0+68512]
	Ordinal0 [0x00C3D3A0+54176]
	Ordinal0 [0x00C5D9F7+186871]
	Ordinal0 [0x00C5D7FD+186365]
	Ordinal0 [0x00C5B70B+177931]
	Ordinal0 [0x00C42584+75140]
	Ordinal0 [0x00C43650+79440]
	Ordinal0 [0x00C435E9+79337]
	Ordinal0 [0x00DEAD5C+1813852]
	GetHandleVerifier [0x0100C616+1075574]
	GetHandleVerifier [0x0100C367+1074887]
	GetHandleVerifier [0x01017497+1120247]
	GetHandleVerifier [0x0100CC16+1077110]
	Ordinal0 [0x00DE3206+1782278]
	Ordinal0 [0x00DEC3BB+1819579]
	Ordinal0 [0x00DEC523+1819939]
	Ordinal0 [0x00E02B45+1911621]
	BaseThreadInitThunk [0x7685FA29+25]
	RtlGetAppContainerNamedObjectPath [0x77D675F4+228]
	RtlGetAppContainerNamedObjectPath [0x77D675C4+180]

	at Academy.E2EProject.ValidateNavigationBar.StartUp(ValidateNavigationBar.java:24)
]]></failure>
    <system-err><![CDATA[ERROR StatusLogger Log4j2 could not find a logging implementation. Please add log4j-core to the classpath. Using SimpleLogger to log to the console...
SLF4J: Failed to load class "org.slf4j.impl.StaticLoggerBinder".
SLF4J: Defaulting to no-operation (NOP) logger implementation
SLF4J: See http://www.slf4j.org/codes.html#StaticLoggerBinder for further details.
Starting ChromeDriver 84.0.4147.30 (48b3e868b4cc0aa7e8149519690b6f6949e110a8-refs/branch-heads/4147@{#310}) on port 4873
Only local connections are allowed.
Please see https://chromedriver.chromium.org/security-considerations for suggestions on keeping ChromeDriver safe.
Starting ChromeDriver 84.0.4147.30 (48b3e868b4cc0aa7e8149519690b6f6949e110a8-refs/branch-heads/4147@{#310}) on port 20779
Only local connections are allowed.
Please see httpsS:/t/acrthirnogm eCdhrriovmeerD.rcihvreorm i8u4.0m.4.1or47g.3/0s e(c4u8ribt3ye-8c6o8nbs4icdce0raaat7ieo8n1s4 9f5o1r9 6s9u0gbg6efs6t9i4o9nes1 1o0na 8k-ereepfisn/bgr aCnhcrhom-ehDeraidvse/r4 1s4a7f@e{.#3
10}) on port 7952
Only local connections are allowed.
Please see https://chromedriver.chromium.org/security-considerations for suggestions on keeping ChromeDriver safe.
ChromeDriver was started successfully.
ChromeDriver was started successfully.
ChromeDriver was started successfully.
Starting ChromeDriver 84.0.4147.30 (48b3e868b4cc0aa7e8149519690b6f6949e110a8-refs/branch-heads/4147@{#310}) on port 19695
Only local connections are allowed.
Please see https://chromedriver.chromium.org/security-considerations for suggestions on keeping ChromeDriver safe.
Starting ChromeDriver 84.0.4147.30 (48b3e868b4cc0aa7e8149519690b6f6949e110a8-refs/branch-headChrsom/e4D1r4i7@v{er was star#t3e1d0 }s)u ccessfuolnl yp.or
t 15964
Only local connections are allowed.
Please see https://chromedriver.chromium.org/security-considerations for suggestions on keeping ChromeDriver safe.
ChromeDriver was started successfully.
]]></system-err>
  </testcase>
  <testcase name="basePageNavigation" classname="Academy.E2EProject.ValidateNavigationBar" time="0">
    <skipped/>
  </testcase>
  <testcase name="tearDown" classname="Academy.E2EProject.ValidateNavigationBar" time="0">
    <skipped/>
  </testcase>
  <testcase name="StartUp" classname="Academy.E2EProject.HomePage" time="6.704">
    <failure message="session not created: This version of ChromeDriver only supports Chrome version 84&#10;Build info: version: &apos;4.0.0-alpha-6&apos;, revision: &apos;5f43a29cfc&apos;&#10;System info: host: &apos;DESKTOP-RUC9O5J&apos;, ip: &apos;10.0.0.73&apos;, os.name: &apos;Windows 10&apos;, os.arch: &apos;amd64&apos;, os.version: &apos;10.0&apos;, java.version: &apos;14.0.2&apos;&#10;Driver info: driver.version: ChromeDriver&#10;remote stacktrace: Backtrace:&#10;	Ordinal0 [0x00EE87E3+2852835]&#10;	Ordinal0 [0x00DD5BB1+1727409]&#10;	Ordinal0 [0x00CAE4B9+517305]&#10;	Ordinal0 [0x00C40BA0+68512]&#10;	Ordinal0 [0x00C3D3A0+54176]&#10;	Ordinal0 [0x00C5D9F7+186871]&#10;	Ordinal0 [0x00C5D7FD+186365]&#10;	Ordinal0 [0x00C5B70B+177931]&#10;	Ordinal0 [0x00C42584+75140]&#10;	Ordinal0 [0x00C43650+79440]&#10;	Ordinal0 [0x00C435E9+79337]&#10;	Ordinal0 [0x00DEAD5C+1813852]&#10;	GetHandleVerifier [0x0100C616+1075574]&#10;	GetHandleVerifier [0x0100C367+1074887]&#10;	GetHandleVerifier [0x01017497+1120247]&#10;	GetHandleVerifier [0x0100CC16+1077110]&#10;	Ordinal0 [0x00DE3206+1782278]&#10;	Ordinal0 [0x00DEC3BB+1819579]&#10;	Ordinal0 [0x00DEC523+1819939]&#10;	Ordinal0 [0x00E02B45+1911621]&#10;	BaseThreadInitThunk [0x7685FA29+25]&#10;	RtlGetAppContainerNamedObjectPath [0x77D675F4+228]&#10;	RtlGetAppContainerNamedObjectPath [0x77D675C4+180]&#10;" type="org.openqa.selenium.SessionNotCreatedException"><![CDATA[org.openqa.selenium.SessionNotCreatedException: 
session not created: This version of ChromeDriver only supports Chrome version 84
Build info: version: '4.0.0-alpha-6', revision: '5f43a29cfc'
System info: host: 'DESKTOP-RUC9O5J', ip: '10.0.0.73', os.name: 'Windows 10', os.arch: 'amd64', os.version: '10.0', java.version: '14.0.2'
Driver info: driver.version: ChromeDriver
remote stacktrace: Backtrace:
	Ordinal0 [0x00EE87E3+2852835]
	Ordinal0 [0x00DD5BB1+1727409]
	Ordinal0 [0x00CAE4B9+517305]
	Ordinal0 [0x00C40BA0+68512]
	Ordinal0 [0x00C3D3A0+54176]
	Ordinal0 [0x00C5D9F7+186871]
	Ordinal0 [0x00C5D7FD+186365]
	Ordinal0 [0x00C5B70B+177931]
	Ordinal0 [0x00C42584+75140]
	Ordinal0 [0x00C43650+79440]
	Ordinal0 [0x00C435E9+79337]
	Ordinal0 [0x00DEAD5C+1813852]
	GetHandleVerifier [0x0100C616+1075574]
	GetHandleVerifier [0x0100C367+1074887]
	GetHandleVerifier [0x01017497+1120247]
	GetHandleVerifier [0x0100CC16+1077110]
	Ordinal0 [0x00DE3206+1782278]
	Ordinal0 [0x00DEC3BB+1819579]
	Ordinal0 [0x00DEC523+1819939]
	Ordinal0 [0x00E02B45+1911621]
	BaseThreadInitThunk [0x7685FA29+25]
	RtlGetAppContainerNamedObjectPath [0x77D675F4+228]
	RtlGetAppContainerNamedObjectPath [0x77D675C4+180]

	at Academy.E2EProject.HomePage.StartUp(HomePage.java:23)
]]></failure>
  </testcase>
  <testcase name="basePageNavigation[nonrestricteduser@qa.com, Testpassword, Restricted User](1)" classname="Academy.E2EProject.HomePage" time="0">
    <skipped/>
  </testcase>
  <testcase name="basePageNavigation[restricteduser@qa.com, Testpassword, Non Restricted User](2)" classname="Academy.E2EProject.HomePage" time="0">
    <skipped/>
  </testcase>
  <testcase name="tearDown" classname="Academy.E2EProject.HomePage" time="0">
    <skipped/>
  </testcase>
  <testcase name="StartUp" classname="Academy.E2EProject.ValidatePractice" time="6.704">
    <failure message="session not created: This version of ChromeDriver only supports Chrome version 84&#10;Build info: version: &apos;4.0.0-alpha-6&apos;, revision: &apos;5f43a29cfc&apos;&#10;System info: host: &apos;DESKTOP-RUC9O5J&apos;, ip: &apos;10.0.0.73&apos;, os.name: &apos;Windows 10&apos;, os.arch: &apos;amd64&apos;, os.version: &apos;10.0&apos;, java.version: &apos;14.0.2&apos;&#10;Driver info: driver.version: ChromeDriver&#10;remote stacktrace: Backtrace:&#10;	Ordinal0 [0x00EE87E3+2852835]&#10;	Ordinal0 [0x00DD5BB1+1727409]&#10;	Ordinal0 [0x00CAE4B9+517305]&#10;	Ordinal0 [0x00C40BA0+68512]&#10;	Ordinal0 [0x00C3D3A0+54176]&#10;	Ordinal0 [0x00C5D9F7+186871]&#10;	Ordinal0 [0x00C5D7FD+186365]&#10;	Ordinal0 [0x00C5B70B+177931]&#10;	Ordinal0 [0x00C42584+75140]&#10;	Ordinal0 [0x00C43650+79440]&#10;	Ordinal0 [0x00C435E9+79337]&#10;	Ordinal0 [0x00DEAD5C+1813852]&#10;	GetHandleVerifier [0x0100C616+1075574]&#10;	GetHandleVerifier [0x0100C367+1074887]&#10;	GetHandleVerifier [0x01017497+1120247]&#10;	GetHandleVerifier [0x0100CC16+1077110]&#10;	Ordinal0 [0x00DE3206+1782278]&#10;	Ordinal0 [0x00DEC3BB+1819579]&#10;	Ordinal0 [0x00DEC523+1819939]&#10;	Ordinal0 [0x00E02B45+1911621]&#10;	BaseThreadInitThunk [0x7685FA29+25]&#10;	RtlGetAppContainerNamedObjectPath [0x77D675F4+228]&#10;	RtlGetAppContainerNamedObjectPath [0x77D675C4+180]&#10;" type="org.openqa.selenium.SessionNotCreatedException"><![CDATA[org.openqa.selenium.SessionNotCreatedException: 
session not created: This version of ChromeDriver only supports Chrome version 84
Build info: version: '4.0.0-alpha-6', revision: '5f43a29cfc'
System info: host: 'DESKTOP-RUC9O5J', ip: '10.0.0.73', os.name: 'Windows 10', os.arch: 'amd64', os.version: '10.0', java.version: '14.0.2'
Driver info: driver.version: ChromeDriver
remote stacktrace: Backtrace:
	Ordinal0 [0x00EE87E3+2852835]
	Ordinal0 [0x00DD5BB1+1727409]
	Ordinal0 [0x00CAE4B9+517305]
	Ordinal0 [0x00C40BA0+68512]
	Ordinal0 [0x00C3D3A0+54176]
	Ordinal0 [0x00C5D9F7+186871]
	Ordinal0 [0x00C5D7FD+186365]
	Ordinal0 [0x00C5B70B+177931]
	Ordinal0 [0x00C42584+75140]
	Ordinal0 [0x00C43650+79440]
	Ordinal0 [0x00C435E9+79337]
	Ordinal0 [0x00DEAD5C+1813852]
	GetHandleVerifier [0x0100C616+1075574]
	GetHandleVerifier [0x0100C367+1074887]
	GetHandleVerifier [0x01017497+1120247]
	GetHandleVerifier [0x0100CC16+1077110]
	Ordinal0 [0x00DE3206+1782278]
	Ordinal0 [0x00DEC3BB+1819579]
	Ordinal0 [0x00DEC523+1819939]
	Ordinal0 [0x00E02B45+1911621]
	BaseThreadInitThunk [0x7685FA29+25]
	RtlGetAppContainerNamedObjectPath [0x77D675F4+228]
	RtlGetAppContainerNamedObjectPath [0x77D675C4+180]

	at Academy.E2EProject.ValidatePractice.StartUp(ValidatePractice.java:24)
]]></failure>
  </testcase>
  <testcase name="validatePracticePage" classname="Academy.E2EProject.ValidatePractice" time="0">
    <skipped/>
  </testcase>
  <testcase name="tearDown" classname="Academy.E2EProject.ValidatePractice" time="0">
    <skipped/>
  </testcase>
  <testcase name="StartUp" classname="Academy.E2EProject.ValidateContactForm" time="6.704">
    <failure message="session not created: This version of ChromeDriver only supports Chrome version 84&#10;Build info: version: &apos;4.0.0-alpha-6&apos;, revision: &apos;5f43a29cfc&apos;&#10;System info: host: &apos;DESKTOP-RUC9O5J&apos;, ip: &apos;10.0.0.73&apos;, os.name: &apos;Windows 10&apos;, os.arch: &apos;amd64&apos;, os.version: &apos;10.0&apos;, java.version: &apos;14.0.2&apos;&#10;Driver info: driver.version: ChromeDriver&#10;remote stacktrace: Backtrace:&#10;	Ordinal0 [0x00EE87E3+2852835]&#10;	Ordinal0 [0x00DD5BB1+1727409]&#10;	Ordinal0 [0x00CAE4B9+517305]&#10;	Ordinal0 [0x00C40BA0+68512]&#10;	Ordinal0 [0x00C3D3A0+54176]&#10;	Ordinal0 [0x00C5D9F7+186871]&#10;	Ordinal0 [0x00C5D7FD+186365]&#10;	Ordinal0 [0x00C5B70B+177931]&#10;	Ordinal0 [0x00C42584+75140]&#10;	Ordinal0 [0x00C43650+79440]&#10;	Ordinal0 [0x00C435E9+79337]&#10;	Ordinal0 [0x00DEAD5C+1813852]&#10;	GetHandleVerifier [0x0100C616+1075574]&#10;	GetHandleVerifier [0x0100C367+1074887]&#10;	GetHandleVerifier [0x01017497+1120247]&#10;	GetHandleVerifier [0x0100CC16+1077110]&#10;	Ordinal0 [0x00DE3206+1782278]&#10;	Ordinal0 [0x00DEC3BB+1819579]&#10;	Ordinal0 [0x00DEC523+1819939]&#10;	Ordinal0 [0x00E02B45+1911621]&#10;	BaseThreadInitThunk [0x7685FA29+25]&#10;	RtlGetAppContainerNamedObjectPath [0x77D675F4+228]&#10;	RtlGetAppContainerNamedObjectPath [0x77D675C4+180]&#10;" type="org.openqa.selenium.SessionNotCreatedException"><![CDATA[org.openqa.selenium.SessionNotCreatedException: 
session not created: This version of ChromeDriver only supports Chrome version 84
Build info: version: '4.0.0-alpha-6', revision: '5f43a29cfc'
System info: host: 'DESKTOP-RUC9O5J', ip: '10.0.0.73', os.name: 'Windows 10', os.arch: 'amd64', os.version: '10.0', java.version: '14.0.2'
Driver info: driver.version: ChromeDriver
remote stacktrace: Backtrace:
	Ordinal0 [0x00EE87E3+2852835]
	Ordinal0 [0x00DD5BB1+1727409]
	Ordinal0 [0x00CAE4B9+517305]
	Ordinal0 [0x00C40BA0+68512]
	Ordinal0 [0x00C3D3A0+54176]
	Ordinal0 [0x00C5D9F7+186871]
	Ordinal0 [0x00C5D7FD+186365]
	Ordinal0 [0x00C5B70B+177931]
	Ordinal0 [0x00C42584+75140]
	Ordinal0 [0x00C43650+79440]
	Ordinal0 [0x00C435E9+79337]
	Ordinal0 [0x00DEAD5C+1813852]
	GetHandleVerifier [0x0100C616+1075574]
	GetHandleVerifier [0x0100C367+1074887]
	GetHandleVerifier [0x01017497+1120247]
	GetHandleVerifier [0x0100CC16+1077110]
	Ordinal0 [0x00DE3206+1782278]
	Ordinal0 [0x00DEC3BB+1819579]
	Ordinal0 [0x00DEC523+1819939]
	Ordinal0 [0x00E02B45+1911621]
	BaseThreadInitThunk [0x7685FA29+25]
	RtlGetAppContainerNamedObjectPath [0x77D675F4+228]
	RtlGetAppContainerNamedObjectPath [0x77D675C4+180]

	at Academy.E2EProject.ValidateContactForm.StartUp(ValidateContactForm.java:27)
]]></failure>
  </testcase>
  <testcase name="validateContact" classname="Academy.E2EProject.ValidateContactForm" time="0">
    <skipped/>
  </testcase>
  <testcase name="tearDown" classname="Academy.E2EProject.ValidateContactForm" time="0">
    <skipped/>
  </testcase>
  <testcase name="StartUp" classname="Academy.E2EProject.ValidateTitle" time="6.705">
    <failure message="session not created: This version of ChromeDriver only supports Chrome version 84&#10;Build info: version: &apos;4.0.0-alpha-6&apos;, revision: &apos;5f43a29cfc&apos;&#10;System info: host: &apos;DESKTOP-RUC9O5J&apos;, ip: &apos;10.0.0.73&apos;, os.name: &apos;Windows 10&apos;, os.arch: &apos;amd64&apos;, os.version: &apos;10.0&apos;, java.version: &apos;14.0.2&apos;&#10;Driver info: driver.version: ChromeDriver&#10;remote stacktrace: Backtrace:&#10;	Ordinal0 [0x00EE87E3+2852835]&#10;	Ordinal0 [0x00DD5BB1+1727409]&#10;	Ordinal0 [0x00CAE4B9+517305]&#10;	Ordinal0 [0x00C40BA0+68512]&#10;	Ordinal0 [0x00C3D3A0+54176]&#10;	Ordinal0 [0x00C5D9F7+186871]&#10;	Ordinal0 [0x00C5D7FD+186365]&#10;	Ordinal0 [0x00C5B70B+177931]&#10;	Ordinal0 [0x00C42584+75140]&#10;	Ordinal0 [0x00C43650+79440]&#10;	Ordinal0 [0x00C435E9+79337]&#10;	Ordinal0 [0x00DEAD5C+1813852]&#10;	GetHandleVerifier [0x0100C616+1075574]&#10;	GetHandleVerifier [0x0100C367+1074887]&#10;	GetHandleVerifier [0x01017497+1120247]&#10;	GetHandleVerifier [0x0100CC16+1077110]&#10;	Ordinal0 [0x00DE3206+1782278]&#10;	Ordinal0 [0x00DEC3BB+1819579]&#10;	Ordinal0 [0x00DEC523+1819939]&#10;	Ordinal0 [0x00E02B45+1911621]&#10;	BaseThreadInitThunk [0x7685FA29+25]&#10;	RtlGetAppContainerNamedObjectPath [0x77D675F4+228]&#10;	RtlGetAppContainerNamedObjectPath [0x77D675C4+180]&#10;" type="org.openqa.selenium.SessionNotCreatedException"><![CDATA[org.openqa.selenium.SessionNotCreatedException: 
session not created: This version of ChromeDriver only supports Chrome version 84
Build info: version: '4.0.0-alpha-6', revision: '5f43a29cfc'
System info: host: 'DESKTOP-RUC9O5J', ip: '10.0.0.73', os.name: 'Windows 10', os.arch: 'amd64', os.version: '10.0', java.version: '14.0.2'
Driver info: driver.version: ChromeDriver
remote stacktrace: Backtrace:
	Ordinal0 [0x00EE87E3+2852835]
	Ordinal0 [0x00DD5BB1+1727409]
	Ordinal0 [0x00CAE4B9+517305]
	Ordinal0 [0x00C40BA0+68512]
	Ordinal0 [0x00C3D3A0+54176]
	Ordinal0 [0x00C5D9F7+186871]
	Ordinal0 [0x00C5D7FD+186365]
	Ordinal0 [0x00C5B70B+177931]
	Ordinal0 [0x00C42584+75140]
	Ordinal0 [0x00C43650+79440]
	Ordinal0 [0x00C435E9+79337]
	Ordinal0 [0x00DEAD5C+1813852]
	GetHandleVerifier [0x0100C616+1075574]
	GetHandleVerifier [0x0100C367+1074887]
	GetHandleVerifier [0x01017497+1120247]
	GetHandleVerifier [0x0100CC16+1077110]
	Ordinal0 [0x00DE3206+1782278]
	Ordinal0 [0x00DEC3BB+1819579]
	Ordinal0 [0x00DEC523+1819939]
	Ordinal0 [0x00E02B45+1911621]
	BaseThreadInitThunk [0x7685FA29+25]
	RtlGetAppContainerNamedObjectPath [0x77D675F4+228]
	RtlGetAppContainerNamedObjectPath [0x77D675C4+180]

	at Academy.E2EProject.ValidateTitle.StartUp(ValidateTitle.java:22)
]]></failure>
  </testcase>
  <testcase name="basePageNavigation" classname="Academy.E2EProject.ValidateTitle" time="0">
    <skipped/>
  </testcase>
  <testcase name="tearDown" classname="Academy.E2EProject.ValidateTitle" time="0">
    <skipped/>
  </testcase>
</testsuite>